<?xml version="1.0" encoding="UTF-8"?>
<!-- Generated by org.testng.reporters.JUnitReportReporter -->
<testsuite hostname="LAPTOP-2S11OBNS" failures="1" tests="4" name="TestRunner.Run" time="39.783" errors="0" timestamp="2024-06-21T11:21:50 IST" skipped="0">
  <testcase classname="TestRunner.Run" name="runScenario" time="21.130"/>
  <testcase classname="TestRunner.Run" name="runScenario" time="7.596"/>
  <testcase classname="TestRunner.Run" name="runScenario" time="3.569">
    <failure type="java.lang.AssertionError">
      <![CDATA[java.lang.AssertionError
at org.junit.Assert.fail(Assert.java:87)
at org.junit.Assert.assertTrue(Assert.java:42)
at org.junit.Assert.assertTrue(Assert.java:53)
at StepDefinition.StepDefn.page_title_should_be(StepDefn.java:106)
at âœ½.Page Title should be "Dashboard / nopCommerce administration"(file:///C:/Users/91790/eclipse-workspace/CucumberBDDFramework_CodeStudio/Features/Login.feature:9)
]]>
    </failure>
  </testcase> <!-- runScenario -->
  <testcase classname="TestRunner.Run" name="runScenario" time="7.488"/>
</testsuite> <!-- TestRunner.Run -->
